<?xml version="1.0" encoding="UTF-8"?>
<!-- Generated by org.testng.reporters.JUnitReportReporter -->
<testsuite ignored="0" hostname="DESKTOP-FRBNKPJ" failures="0" tests="1" name="org.rohini.test.LoginTest" time="7.957" errors="0" timestamp="17 Dec 2020 19:07:59 GMT" skipped="0">
  <testcase classname="org.rohini.test.LoginTest" name="loginWithGivenCredentialsTest" time="7.957"/>
</testsuite> <!-- org.rohini.test.LoginTest -->
