<?xml version="1.0" encoding="UTF-8"?>
<!-- Generated by org.testng.reporters.JUnitReportReporter -->
<testsuite ignored="0" hostname="DESKTOP-FRBNKPJ" failures="0" tests="1" name="org.rohini.test.NewTest" time="0.015" errors="0" timestamp="17 Dec 2020 02:43:42 GMT" skipped="0">
  <testcase classname="org.rohini.test.NewTest" name="f" time="0.015"/>
</testsuite> <!-- org.rohini.test.NewTest -->
